<?xml version="1.0" encoding="UTF-8"?>
<!-- Generated by org.testng.reporters.JUnitReportReporter -->
<testsuite hostname="SRIKANTH" failures="0" tests="3" name="Phase3EndToEnd.BDDEndTest" time="1.766" errors="0" timestamp="03 Oct 2024 05:14:10 GMT" skipped="0">
  <testcase classname="Phase3EndToEnd.BDDEndTest" name="TC01_GetAllEmployee" time="1.460"/>
  <testcase classname="Phase3EndToEnd.BDDEndTest" name="TC03_CreateEmployee" time="0.281"/>
  <testcase classname="Phase3EndToEnd.BDDEndTest" name="TC02_GetSingleEmployee" time="0.025"/>
</testsuite> <!-- Phase3EndToEnd.BDDEndTest -->
